C51 COMPILER V9.59.0.0   DELAY                                                             10/14/2019 21:18:13 PAGE 1   


C51 COMPILER V9.59.0.0, COMPILATION OF MODULE DELAY
OBJECT MODULE PLACED IN delay.OBJ
COMPILER INVOKED BY: D:\software\Programming\C51\BIN\C51.EXE delay.c OPTIMIZE(8,SPEED) BROWSE DEBUG OBJECTEXTEND TABS(2)

line level    source

   1          #include "delay.h"
   2          
   3          void DelayUs2x(unsigned char t)
   4          {
   5   1       while(--t);
   6   1      }
   7          
   8          void DelayMs(unsigned char t)
   9          {
  10   1       while(t--){
  11   2           //¥Û÷¬—” ±1mS
  12   2         DelayUs2x(245);
  13   2         DelayUs2x(245);
  14   2       }
  15   1      }


MODULE INFORMATION:   STATIC OVERLAYABLE
   CODE SIZE        =     24    ----
   CONSTANT SIZE    =   ----    ----
   XDATA SIZE       =   ----    ----
   PDATA SIZE       =   ----    ----
   DATA SIZE        =   ----    ----
   IDATA SIZE       =   ----    ----
   BIT SIZE         =   ----    ----
END OF MODULE INFORMATION.


C51 COMPILATION COMPLETE.  0 WARNING(S),  0 ERROR(S)
